<?xml version="1.0" encoding="UTF-8"?>
<testsuite name="ads.poo.aula7.AppTest" tests="1" skipped="0" failures="0" errors="0" timestamp="2025-04-15T00:01:24" hostname="VITOR" time="0.022">
  <properties/>
  <testcase name="appHasAGreeting()" classname="ads.poo.aula7.AppTest" time="0.022"/>
  <system-out><![CDATA[]]></system-out>
  <system-err><![CDATA[]]></system-err>
</testsuite>
